2024-12-09 12:38:56,402 :DEBUG :mainfolder.utilities.BaseClass: Browser launched
2024-12-09 12:38:56,403 :DEBUG :mainfolder.utilities.BaseClass: Website Launched
2024-12-09 12:38:56,403 :DEBUG :mainfolder.utilities.BaseClass: Username Entered
2024-12-09 13:02:14,430 :DEBUG :mainfolder.utilities.BaseClass: Browser launched
2024-12-09 13:02:14,431 :DEBUG :mainfolder.utilities.BaseClass: Website Launched
2024-12-09 13:02:14,431 :DEBUG :mainfolder.utilities.BaseClass: Clicked on register Button
2024-12-09 13:02:15,113 :DEBUG :mainfolder.utilities.BaseClass: Gender Selected
2024-12-09 13:02:15,290 :DEBUG :mainfolder.utilities.BaseClass: Fname Entered
2024-12-09 13:02:15,435 :DEBUG :mainfolder.utilities.BaseClass: Lname Entered
2024-12-09 13:02:15,580 :DEBUG :mainfolder.utilities.BaseClass: Email Entered
2024-12-09 13:02:15,710 :DEBUG :mainfolder.utilities.BaseClass: Password Entered
2024-12-09 13:02:15,845 :DEBUG :mainfolder.utilities.BaseClass: Password re Entered
2024-12-09 13:02:15,981 :DEBUG :mainfolder.utilities.BaseClass: Register form submitted
2024-12-09 13:04:41,440 :DEBUG :mainfolder.utilities.BaseClass: Browser launched
2024-12-09 13:04:41,440 :DEBUG :mainfolder.utilities.BaseClass: Website Launched
2024-12-09 13:04:41,441 :DEBUG :mainfolder.utilities.BaseClass: Clicked on register Button
2024-12-09 13:04:42,027 :DEBUG :mainfolder.utilities.BaseClass: Gender Selected
2024-12-09 13:04:42,211 :DEBUG :mainfolder.utilities.BaseClass: Fname Entered
2024-12-09 13:04:42,336 :DEBUG :mainfolder.utilities.BaseClass: Lname Entered
2024-12-09 13:04:42,462 :DEBUG :mainfolder.utilities.BaseClass: Email Entered
2024-12-09 13:04:42,622 :DEBUG :mainfolder.utilities.BaseClass: Password Entered
2024-12-09 13:04:42,775 :DEBUG :mainfolder.utilities.BaseClass: Password re Entered
2024-12-09 13:04:42,920 :DEBUG :mainfolder.utilities.BaseClass: Register form submitted
2024-12-09 13:09:23,717 :DEBUG :mainfolder.utilities.BaseClass: Browser launched
2024-12-09 13:09:23,717 :DEBUG :mainfolder.utilities.BaseClass: Website Launched
2024-12-09 13:09:23,718 :DEBUG :mainfolder.utilities.BaseClass: Clicked on register Button
2024-12-09 13:09:24,262 :DEBUG :mainfolder.utilities.BaseClass: Gender Selected
2024-12-09 13:09:24,375 :DEBUG :mainfolder.utilities.BaseClass: Fname Entered
2024-12-09 13:09:24,490 :DEBUG :mainfolder.utilities.BaseClass: Lname Entered
2024-12-09 13:09:24,605 :DEBUG :mainfolder.utilities.BaseClass: Email Entered
2024-12-09 13:09:24,766 :DEBUG :mainfolder.utilities.BaseClass: Password Entered
2024-12-09 13:09:24,912 :DEBUG :mainfolder.utilities.BaseClass: Password re Entered
2024-12-09 13:09:25,036 :DEBUG :mainfolder.utilities.BaseClass: Register form submitted
2024-12-09 13:09:55,068 :ERROR :mainfolder.utilities.BaseClass: Exception occurred: Message: no such element: Unable to locate element: {"method":"xpath","selector":"register-button"}
  (Session info: chrome=131.0.6778.109); For documentation on this error, please visit: https://www.selenium.dev/documentation/webdriver/troubleshooting/errors#no-such-element-exception
Stacktrace:
	GetHandleVerifier [0x00007FF7FBF16CB5+28821]
	(No symbol) [0x00007FF7FBE83840]
	(No symbol) [0x00007FF7FBD2578A]
	(No symbol) [0x00007FF7FBD791BE]
	(No symbol) [0x00007FF7FBD794AC]
	(No symbol) [0x00007FF7FBDC2647]
	(No symbol) [0x00007FF7FBD9F33F]
	(No symbol) [0x00007FF7FBDBF412]
	(No symbol) [0x00007FF7FBD9F0A3]
	(No symbol) [0x00007FF7FBD6A778]
	(No symbol) [0x00007FF7FBD6B8E1]
	GetHandleVerifier [0x00007FF7FC24FCAD+3408013]
	GetHandleVerifier [0x00007FF7FC26741F+3504127]
	GetHandleVerifier [0x00007FF7FC25B5FD+3455453]
	GetHandleVerifier [0x00007FF7FBFDBDBB+835995]
	(No symbol) [0x00007FF7FBE8EB5F]
	(No symbol) [0x00007FF7FBE8A814]
	(No symbol) [0x00007FF7FBE8A9AD]
	(No symbol) [0x00007FF7FBE7A199]
	BaseThreadInitThunk [0x00007FFA04837374+20]
	RtlUserThreadStart [0x00007FFA0583CC91+33]

2024-12-09 13:14:28,093 :DEBUG :mainfolder.utilities.BaseClass: Browser launched
2024-12-09 13:14:28,093 :DEBUG :mainfolder.utilities.BaseClass: Website Launched
2024-12-09 13:14:28,094 :DEBUG :mainfolder.utilities.BaseClass: Clicked on register Button
2024-12-09 13:14:28,684 :DEBUG :mainfolder.utilities.BaseClass: Gender Selected
2024-12-09 13:14:28,827 :DEBUG :mainfolder.utilities.BaseClass: Fname Entered
2024-12-09 13:14:28,977 :DEBUG :mainfolder.utilities.BaseClass: Lname Entered
2024-12-09 13:14:29,155 :DEBUG :mainfolder.utilities.BaseClass: Email Entered
2024-12-09 13:14:29,309 :DEBUG :mainfolder.utilities.BaseClass: Password Entered
2024-12-09 13:14:29,440 :DEBUG :mainfolder.utilities.BaseClass: Password re Entered
2024-12-09 13:14:29,598 :DEBUG :mainfolder.utilities.BaseClass: Register form submitted
2024-12-09 13:14:59,623 :ERROR :mainfolder.utilities.BaseClass: Exception occurred: Message: no such element: Unable to locate element: {"method":"xpath","selector":"register-button"}
  (Session info: chrome=131.0.6778.109); For documentation on this error, please visit: https://www.selenium.dev/documentation/webdriver/troubleshooting/errors#no-such-element-exception
Stacktrace:
	GetHandleVerifier [0x00007FF7FBF16CB5+28821]
	(No symbol) [0x00007FF7FBE83840]
	(No symbol) [0x00007FF7FBD2578A]
	(No symbol) [0x00007FF7FBD791BE]
	(No symbol) [0x00007FF7FBD794AC]
	(No symbol) [0x00007FF7FBDC2647]
	(No symbol) [0x00007FF7FBD9F33F]
	(No symbol) [0x00007FF7FBDBF412]
	(No symbol) [0x00007FF7FBD9F0A3]
	(No symbol) [0x00007FF7FBD6A778]
	(No symbol) [0x00007FF7FBD6B8E1]
	GetHandleVerifier [0x00007FF7FC24FCAD+3408013]
	GetHandleVerifier [0x00007FF7FC26741F+3504127]
	GetHandleVerifier [0x00007FF7FC25B5FD+3455453]
	GetHandleVerifier [0x00007FF7FBFDBDBB+835995]
	(No symbol) [0x00007FF7FBE8EB5F]
	(No symbol) [0x00007FF7FBE8A814]
	(No symbol) [0x00007FF7FBE8A9AD]
	(No symbol) [0x00007FF7FBE7A199]
	BaseThreadInitThunk [0x00007FFA04837374+20]
	RtlUserThreadStart [0x00007FFA0583CC91+33]

2024-12-09 13:36:15,999 :DEBUG :mainfolder.utilities.BaseClass: Browser launched
2024-12-09 13:36:15,999 :DEBUG :mainfolder.utilities.BaseClass: Website Launched
2024-12-09 13:36:15,999 :DEBUG :mainfolder.utilities.BaseClass: Clicked on register Button
2024-12-09 13:36:16,620 :DEBUG :mainfolder.utilities.BaseClass: Gender Selected
2024-12-09 13:36:16,836 :DEBUG :mainfolder.utilities.BaseClass: Fname Entered
2024-12-09 13:36:16,962 :DEBUG :mainfolder.utilities.BaseClass: Lname Entered
2024-12-09 13:36:17,101 :DEBUG :mainfolder.utilities.BaseClass: Email Entered
2024-12-09 13:36:17,272 :DEBUG :mainfolder.utilities.BaseClass: Password Entered
2024-12-09 13:36:17,428 :DEBUG :mainfolder.utilities.BaseClass: Password re Entered
2024-12-09 13:36:17,575 :DEBUG :mainfolder.utilities.BaseClass: Register form submitted
2024-12-09 13:36:18,867 :DEBUG :mainfolder.utilities.BaseClass: Successfully Register
2024-12-09 13:56:55,796 :DEBUG :mainfolder.utilities.BaseClass: Browser launched
2024-12-09 13:56:55,796 :DEBUG :mainfolder.utilities.BaseClass: Website Launched
2024-12-09 13:56:55,796 :DEBUG :mainfolder.utilities.BaseClass: Clicked on register Button
2024-12-09 13:56:56,344 :DEBUG :mainfolder.utilities.BaseClass: Gender Selected
2024-12-09 13:56:56,526 :DEBUG :mainfolder.utilities.BaseClass: Fname Entered
2024-12-09 13:56:56,651 :DEBUG :mainfolder.utilities.BaseClass: Lname Entered
2024-12-09 13:56:56,773 :DEBUG :mainfolder.utilities.BaseClass: Email Entered
2024-12-09 13:56:56,910 :DEBUG :mainfolder.utilities.BaseClass: Password Entered
2024-12-09 13:56:57,047 :DEBUG :mainfolder.utilities.BaseClass: Password re Entered
2024-12-09 13:56:57,162 :DEBUG :mainfolder.utilities.BaseClass: Register form submitted
2024-12-09 13:56:57,917 :DEBUG :mainfolder.utilities.BaseClass: Clicked on Computer tab
2024-12-09 13:56:58,648 :DEBUG :mainfolder.utilities.BaseClass: Notebook selected
2024-12-09 13:56:59,363 :DEBUG :mainfolder.utilities.BaseClass: Added to cart
2024-12-09 13:56:59,467 :DEBUG :mainfolder.utilities.BaseClass: Shopping cart opened
2024-12-09 13:57:00,186 :DEBUG :mainfolder.utilities.BaseClass: Country selected
2024-12-09 13:57:04,243 :ERROR :mainfolder.utilities.BaseClass: Exception occurred: argument of type 'int' is not iterable
2024-12-09 14:00:05,135 :DEBUG :mainfolder.utilities.BaseClass: Browser launched
2024-12-09 14:00:05,136 :DEBUG :mainfolder.utilities.BaseClass: Website Launched
2024-12-09 14:00:05,137 :DEBUG :mainfolder.utilities.BaseClass: Clicked on register Button
2024-12-09 14:00:05,777 :DEBUG :mainfolder.utilities.BaseClass: Gender Selected
2024-12-09 14:00:05,923 :DEBUG :mainfolder.utilities.BaseClass: Fname Entered
2024-12-09 14:00:06,125 :DEBUG :mainfolder.utilities.BaseClass: Lname Entered
2024-12-09 14:00:06,298 :DEBUG :mainfolder.utilities.BaseClass: Email Entered
2024-12-09 14:00:06,471 :DEBUG :mainfolder.utilities.BaseClass: Password Entered
2024-12-09 14:00:06,638 :DEBUG :mainfolder.utilities.BaseClass: Password re Entered
2024-12-09 14:00:06,785 :DEBUG :mainfolder.utilities.BaseClass: Register form submitted
2024-12-09 14:00:07,576 :DEBUG :mainfolder.utilities.BaseClass: Clicked on Computer tab
2024-12-09 14:00:08,271 :DEBUG :mainfolder.utilities.BaseClass: Notebook selected
2024-12-09 14:00:09,026 :DEBUG :mainfolder.utilities.BaseClass: Added to cart
2024-12-09 14:00:09,140 :DEBUG :mainfolder.utilities.BaseClass: Shopping cart opened
2024-12-09 14:00:09,880 :DEBUG :mainfolder.utilities.BaseClass: Termsofservice selected
2024-12-09 14:00:10,016 :DEBUG :mainfolder.utilities.BaseClass: Clicked on checkout
2024-12-09 14:00:10,928 :DEBUG :mainfolder.utilities.BaseClass: Successfully Register
2024-12-10 14:38:38,790 :DEBUG :mainfolder.utilities.BaseClass: Browser launched
2024-12-10 14:38:38,792 :DEBUG :mainfolder.utilities.BaseClass: Website Launched
2024-12-10 14:38:38,792 :DEBUG :mainfolder.utilities.BaseClass: Clicked on register Button
2024-12-10 14:38:39,562 :DEBUG :mainfolder.utilities.BaseClass: Gender Selected
2024-12-10 14:38:39,755 :DEBUG :mainfolder.utilities.BaseClass: Fname Entered
2024-12-10 14:38:39,896 :DEBUG :mainfolder.utilities.BaseClass: Lname Entered
2024-12-10 14:38:40,071 :DEBUG :mainfolder.utilities.BaseClass: Email Entered
2024-12-10 14:38:40,265 :DEBUG :mainfolder.utilities.BaseClass: Password Entered
2024-12-10 14:38:40,394 :DEBUG :mainfolder.utilities.BaseClass: Password re Entered
2024-12-10 14:38:40,537 :DEBUG :mainfolder.utilities.BaseClass: Register form submitted
2024-12-10 14:38:41,357 :DEBUG :mainfolder.utilities.BaseClass: Clicked on Computer tab
2024-12-10 14:38:42,153 :DEBUG :mainfolder.utilities.BaseClass: Notebook selected
2024-12-10 14:38:42,880 :DEBUG :mainfolder.utilities.BaseClass: Added to cart
2024-12-10 14:38:42,998 :DEBUG :mainfolder.utilities.BaseClass: Shopping cart opened
2024-12-10 14:38:43,813 :DEBUG :mainfolder.utilities.BaseClass: Termsofservice selected
2024-12-10 14:38:43,944 :DEBUG :mainfolder.utilities.BaseClass: Clicked on checkout
2024-12-10 14:38:44,917 :DEBUG :mainfolder.utilities.BaseClass: Successfully Register
2024-12-10 15:06:08,194 :DEBUG :mainfolder.utilities.BaseClass: Browser launched
2024-12-10 15:06:08,196 :DEBUG :mainfolder.utilities.BaseClass: Website Launched
2024-12-10 15:06:08,198 :DEBUG :mainfolder.utilities.BaseClass: Clicked on register Button
2024-12-10 15:06:09,270 :DEBUG :mainfolder.utilities.BaseClass: Gender Selected
2024-12-10 15:06:09,740 :DEBUG :mainfolder.utilities.BaseClass: Fname Entered
2024-12-10 15:06:10,145 :DEBUG :mainfolder.utilities.BaseClass: Lname Entered
2024-12-10 15:06:10,429 :DEBUG :mainfolder.utilities.BaseClass: Email Entered
2024-12-10 15:06:10,719 :DEBUG :mainfolder.utilities.BaseClass: Password Entered
2024-12-10 15:06:11,045 :DEBUG :mainfolder.utilities.BaseClass: Password re Entered
2024-12-10 15:06:11,359 :DEBUG :mainfolder.utilities.BaseClass: Register form submitted
2024-12-10 15:06:12,859 :DEBUG :mainfolder.utilities.BaseClass: Click on Login
2024-12-10 15:06:42,988 :ERROR :mainfolder.utilities.BaseClass: Exception occurred: Message: no such element: Unable to locate element: {"method":"xpath","selector":"//a[@href='/login']"}
  (Session info: chrome=131.0.6778.109); For documentation on this error, please visit: https://www.selenium.dev/documentation/webdriver/troubleshooting/errors#no-such-element-exception
Stacktrace:
	GetHandleVerifier [0x00007FF7A4326CB5+28821]
	(No symbol) [0x00007FF7A4293840]
	(No symbol) [0x00007FF7A413578A]
	(No symbol) [0x00007FF7A41891BE]
	(No symbol) [0x00007FF7A41894AC]
	(No symbol) [0x00007FF7A41D2647]
	(No symbol) [0x00007FF7A41AF33F]
	(No symbol) [0x00007FF7A41CF412]
	(No symbol) [0x00007FF7A41AF0A3]
	(No symbol) [0x00007FF7A417A778]
	(No symbol) [0x00007FF7A417B8E1]
	GetHandleVerifier [0x00007FF7A465FCAD+3408013]
	GetHandleVerifier [0x00007FF7A467741F+3504127]
	GetHandleVerifier [0x00007FF7A466B5FD+3455453]
	GetHandleVerifier [0x00007FF7A43EBDBB+835995]
	(No symbol) [0x00007FF7A429EB5F]
	(No symbol) [0x00007FF7A429A814]
	(No symbol) [0x00007FF7A429A9AD]
	(No symbol) [0x00007FF7A428A199]
	BaseThreadInitThunk [0x00007FFA04837374+20]
	RtlUserThreadStart [0x00007FFA0583CC91+33]

2024-12-10 15:07:47,723 :DEBUG :mainfolder.utilities.BaseClass: Browser launched
2024-12-10 15:07:47,724 :DEBUG :mainfolder.utilities.BaseClass: Website Launched
2024-12-10 15:07:47,724 :DEBUG :mainfolder.utilities.BaseClass: Clicked on register Button
2024-12-10 15:07:48,643 :DEBUG :mainfolder.utilities.BaseClass: Gender Selected
2024-12-10 15:07:49,027 :DEBUG :mainfolder.utilities.BaseClass: Fname Entered
2024-12-10 15:07:49,413 :DEBUG :mainfolder.utilities.BaseClass: Lname Entered
2024-12-10 15:07:49,750 :DEBUG :mainfolder.utilities.BaseClass: Email Entered
2024-12-10 15:07:50,029 :DEBUG :mainfolder.utilities.BaseClass: Password Entered
2024-12-10 15:07:50,342 :DEBUG :mainfolder.utilities.BaseClass: Password re Entered
2024-12-10 15:07:50,643 :DEBUG :mainfolder.utilities.BaseClass: Register form submitted
2024-12-10 15:07:51,747 :DEBUG :mainfolder.utilities.BaseClass: Click on Login
2024-12-10 15:07:52,591 :DEBUG :mainfolder.utilities.BaseClass: username Entered
2024-12-10 15:07:53,228 :DEBUG :mainfolder.utilities.BaseClass: password Entered
2024-12-10 15:07:53,555 :DEBUG :mainfolder.utilities.BaseClass: Clicked on Login
2024-12-10 15:07:54,760 :DEBUG :mainfolder.utilities.BaseClass: Clicked on Computer tab
2024-12-10 15:07:55,883 :DEBUG :mainfolder.utilities.BaseClass: Notebook selected
2024-12-10 15:07:57,362 :DEBUG :mainfolder.utilities.BaseClass: Added to cart
2024-12-10 15:07:57,794 :DEBUG :mainfolder.utilities.BaseClass: Shopping cart opened
2024-12-10 15:07:58,889 :DEBUG :mainfolder.utilities.BaseClass: Termsofservice selected
2024-12-10 15:07:59,142 :DEBUG :mainfolder.utilities.BaseClass: Clicked on checkout
2024-12-10 15:08:01,073 :DEBUG :mainfolder.utilities.BaseClass: Order Placed
2024-12-10 15:40:18,950 :DEBUG :mainfolder.utilities.BaseClass: Browser launched
2024-12-10 15:40:18,950 :DEBUG :mainfolder.utilities.BaseClass: Website Launched
2024-12-10 15:40:18,951 :DEBUG :mainfolder.utilities.BaseClass: Clicked on register Button
2024-12-10 15:40:20,083 :DEBUG :mainfolder.utilities.BaseClass: Gender Selected
2024-12-10 15:40:20,580 :DEBUG :mainfolder.utilities.BaseClass: Fname Entered
2024-12-10 15:40:20,992 :DEBUG :mainfolder.utilities.BaseClass: Lname Entered
2024-12-10 15:40:21,288 :DEBUG :mainfolder.utilities.BaseClass: Email Entered
2024-12-10 15:40:21,628 :DEBUG :mainfolder.utilities.BaseClass: Password Entered
2024-12-10 15:40:21,935 :DEBUG :mainfolder.utilities.BaseClass: Password re Entered
2024-12-10 15:40:22,266 :DEBUG :mainfolder.utilities.BaseClass: Register form submitted
2024-12-10 15:40:23,569 :DEBUG :mainfolder.utilities.BaseClass: Click on Login
2024-12-10 15:40:24,592 :DEBUG :mainfolder.utilities.BaseClass: username Entered
2024-12-10 15:40:24,955 :DEBUG :mainfolder.utilities.BaseClass: password Entered
2024-12-10 15:40:25,479 :DEBUG :mainfolder.utilities.BaseClass: Clicked on Login
2024-12-10 15:40:26,916 :DEBUG :mainfolder.utilities.BaseClass: Clicked on Computer tab
2024-12-10 15:40:28,096 :DEBUG :mainfolder.utilities.BaseClass: Notebook selected
2024-12-10 15:40:29,045 :DEBUG :mainfolder.utilities.BaseClass: Added to cart
2024-12-10 15:40:29,427 :DEBUG :mainfolder.utilities.BaseClass: Shopping cart opened
2024-12-10 15:40:31,074 :DEBUG :mainfolder.utilities.BaseClass: Termsofservice selected
2024-12-10 15:40:31,432 :DEBUG :mainfolder.utilities.BaseClass: Clicked on checkout
2024-12-10 15:40:33,053 :DEBUG :mainfolder.utilities.BaseClass: Fname entered
2024-12-10 15:40:33,410 :DEBUG :mainfolder.utilities.BaseClass: Lname entered
2024-12-10 15:40:33,688 :DEBUG :mainfolder.utilities.BaseClass: Email entered
2024-12-10 15:40:34,011 :DEBUG :mainfolder.utilities.BaseClass: Billing company entered
2024-12-10 15:40:34,232 :DEBUG :mainfolder.utilities.BaseClass: Billing Country entered
2024-12-10 15:40:34,410 :DEBUG :mainfolder.utilities.BaseClass: Billing City entered
2024-12-10 15:40:34,674 :DEBUG :mainfolder.utilities.BaseClass: Billing Add entered
2024-12-10 15:40:34,971 :DEBUG :mainfolder.utilities.BaseClass: Billing Zip entered
2024-12-10 15:40:35,300 :DEBUG :mainfolder.utilities.BaseClass: Billing Phone entered
2024-12-10 15:40:35,525 :DEBUG :mainfolder.utilities.BaseClass: continue2btn clicked
2024-12-10 15:41:05,660 :ERROR :mainfolder.utilities.BaseClass: Exception occurred: Message: element not interactable
  (Session info: chrome=131.0.6778.109)
Stacktrace:
	GetHandleVerifier [0x00007FF7A4326CB5+28821]
	(No symbol) [0x00007FF7A4293840]
	(No symbol) [0x00007FF7A41355B9]
	(No symbol) [0x00007FF7A418A674]
	(No symbol) [0x00007FF7A417CBA0]
	(No symbol) [0x00007FF7A41AF2FA]
	(No symbol) [0x00007FF7A417C3F6]
	(No symbol) [0x00007FF7A41AF510]
	(No symbol) [0x00007FF7A41CF412]
	(No symbol) [0x00007FF7A41AF0A3]
	(No symbol) [0x00007FF7A417A778]
	(No symbol) [0x00007FF7A417B8E1]
	GetHandleVerifier [0x00007FF7A465FCAD+3408013]
	GetHandleVerifier [0x00007FF7A467741F+3504127]
	GetHandleVerifier [0x00007FF7A466B5FD+3455453]
	GetHandleVerifier [0x00007FF7A43EBDBB+835995]
	(No symbol) [0x00007FF7A429EB5F]
	(No symbol) [0x00007FF7A429A814]
	(No symbol) [0x00007FF7A429A9AD]
	(No symbol) [0x00007FF7A428A199]
	BaseThreadInitThunk [0x00007FFA04837374+20]
	RtlUserThreadStart [0x00007FFA0583CC91+33]

2024-12-10 15:41:26,026 :DEBUG :mainfolder.utilities.BaseClass: Browser launched
2024-12-10 15:41:26,027 :DEBUG :mainfolder.utilities.BaseClass: Website Launched
2024-12-10 15:41:26,028 :DEBUG :mainfolder.utilities.BaseClass: Clicked on register Button
2024-12-10 15:41:26,997 :DEBUG :mainfolder.utilities.BaseClass: Gender Selected
2024-12-10 15:41:27,459 :DEBUG :mainfolder.utilities.BaseClass: Fname Entered
2024-12-10 15:41:27,842 :DEBUG :mainfolder.utilities.BaseClass: Lname Entered
2024-12-10 15:41:28,288 :DEBUG :mainfolder.utilities.BaseClass: Email Entered
2024-12-10 15:41:28,595 :DEBUG :mainfolder.utilities.BaseClass: Password Entered
2024-12-10 15:41:29,261 :DEBUG :mainfolder.utilities.BaseClass: Password re Entered
2024-12-10 15:41:29,955 :DEBUG :mainfolder.utilities.BaseClass: Register form submitted
2024-12-10 15:41:31,013 :DEBUG :mainfolder.utilities.BaseClass: Click on Login
2024-12-10 15:41:31,909 :DEBUG :mainfolder.utilities.BaseClass: username Entered
2024-12-10 15:41:32,170 :DEBUG :mainfolder.utilities.BaseClass: password Entered
2024-12-10 15:41:32,550 :DEBUG :mainfolder.utilities.BaseClass: Clicked on Login
2024-12-10 15:41:33,829 :DEBUG :mainfolder.utilities.BaseClass: Clicked on Computer tab
2024-12-10 15:41:35,127 :DEBUG :mainfolder.utilities.BaseClass: Notebook selected
2024-12-10 15:41:36,767 :DEBUG :mainfolder.utilities.BaseClass: Added to cart
2024-12-10 15:41:37,403 :DEBUG :mainfolder.utilities.BaseClass: Shopping cart opened
2024-12-10 15:41:39,488 :ERROR :mainfolder.utilities.BaseClass: Exception occurred: Message: element click intercepted: Element <a href="/cart" class="ico-cart">...</a> is not clickable at point (965, 10). Other element would receive the click: <p class="content">...</p>
  (Session info: chrome=131.0.6778.109)
Stacktrace:
	GetHandleVerifier [0x00007FF7A4326CB5+28821]
	(No symbol) [0x00007FF7A4293840]
	(No symbol) [0x00007FF7A413578A]
	(No symbol) [0x00007FF7A4190E8E]
	(No symbol) [0x00007FF7A418E92C]
	(No symbol) [0x00007FF7A418BAF6]
	(No symbol) [0x00007FF7A418AA51]
	(No symbol) [0x00007FF7A417CBA0]
	(No symbol) [0x00007FF7A41AF2FA]
	(No symbol) [0x00007FF7A417C3F6]
	(No symbol) [0x00007FF7A41AF510]
	(No symbol) [0x00007FF7A41CF412]
	(No symbol) [0x00007FF7A41AF0A3]
	(No symbol) [0x00007FF7A417A778]
	(No symbol) [0x00007FF7A417B8E1]
	GetHandleVerifier [0x00007FF7A465FCAD+3408013]
	GetHandleVerifier [0x00007FF7A467741F+3504127]
	GetHandleVerifier [0x00007FF7A466B5FD+3455453]
	GetHandleVerifier [0x00007FF7A43EBDBB+835995]
	(No symbol) [0x00007FF7A429EB5F]
	(No symbol) [0x00007FF7A429A814]
	(No symbol) [0x00007FF7A429A9AD]
	(No symbol) [0x00007FF7A428A199]
	BaseThreadInitThunk [0x00007FFA04837374+20]
	RtlUserThreadStart [0x00007FFA0583CC91+33]

2024-12-10 15:42:08,750 :DEBUG :mainfolder.utilities.BaseClass: Browser launched
2024-12-10 15:42:08,751 :DEBUG :mainfolder.utilities.BaseClass: Website Launched
2024-12-10 15:42:08,751 :DEBUG :mainfolder.utilities.BaseClass: Clicked on register Button
2024-12-10 15:42:09,783 :DEBUG :mainfolder.utilities.BaseClass: Gender Selected
2024-12-10 15:42:10,252 :DEBUG :mainfolder.utilities.BaseClass: Fname Entered
2024-12-10 15:42:10,681 :DEBUG :mainfolder.utilities.BaseClass: Lname Entered
2024-12-10 15:42:11,077 :DEBUG :mainfolder.utilities.BaseClass: Email Entered
2024-12-10 15:42:11,723 :DEBUG :mainfolder.utilities.BaseClass: Password Entered
2024-12-10 15:42:12,432 :DEBUG :mainfolder.utilities.BaseClass: Password re Entered
2024-12-10 15:42:13,092 :DEBUG :mainfolder.utilities.BaseClass: Register form submitted
2024-12-10 15:42:14,273 :DEBUG :mainfolder.utilities.BaseClass: Click on Login
2024-12-10 15:42:15,001 :DEBUG :mainfolder.utilities.BaseClass: username Entered
2024-12-10 15:42:15,326 :DEBUG :mainfolder.utilities.BaseClass: password Entered
2024-12-10 15:42:15,665 :DEBUG :mainfolder.utilities.BaseClass: Clicked on Login
2024-12-10 15:42:17,094 :DEBUG :mainfolder.utilities.BaseClass: Clicked on Computer tab
2024-12-10 15:42:18,692 :DEBUG :mainfolder.utilities.BaseClass: Notebook selected
2024-12-10 15:42:20,020 :DEBUG :mainfolder.utilities.BaseClass: Added to cart
2024-12-10 15:42:20,518 :DEBUG :mainfolder.utilities.BaseClass: Shopping cart opened
2024-12-10 15:42:22,452 :ERROR :mainfolder.utilities.BaseClass: Exception occurred: Message: element click intercepted: Element <a href="/cart" class="ico-cart">...</a> is not clickable at point (965, 10). Other element would receive the click: <p class="content">...</p>
  (Session info: chrome=131.0.6778.109)
Stacktrace:
	GetHandleVerifier [0x00007FF7A4326CB5+28821]
	(No symbol) [0x00007FF7A4293840]
	(No symbol) [0x00007FF7A413578A]
	(No symbol) [0x00007FF7A4190E8E]
	(No symbol) [0x00007FF7A418E92C]
	(No symbol) [0x00007FF7A418BAF6]
	(No symbol) [0x00007FF7A418AA51]
	(No symbol) [0x00007FF7A417CD9B]
	(No symbol) [0x00007FF7A41AF2FA]
	(No symbol) [0x00007FF7A417C3F6]
	(No symbol) [0x00007FF7A41AF510]
	(No symbol) [0x00007FF7A41CF412]
	(No symbol) [0x00007FF7A41AF0A3]
	(No symbol) [0x00007FF7A417A778]
	(No symbol) [0x00007FF7A417B8E1]
	GetHandleVerifier [0x00007FF7A465FCAD+3408013]
	GetHandleVerifier [0x00007FF7A467741F+3504127]
	GetHandleVerifier [0x00007FF7A466B5FD+3455453]
	GetHandleVerifier [0x00007FF7A43EBDBB+835995]
	(No symbol) [0x00007FF7A429EB5F]
	(No symbol) [0x00007FF7A429A814]
	(No symbol) [0x00007FF7A429A9AD]
	(No symbol) [0x00007FF7A428A199]
	BaseThreadInitThunk [0x00007FFA04837374+20]
	RtlUserThreadStart [0x00007FFA0583CC91+33]

2024-12-10 15:44:41,452 :DEBUG :mainfolder.utilities.BaseClass: Browser launched
2024-12-10 15:44:41,453 :DEBUG :mainfolder.utilities.BaseClass: Website Launched
2024-12-10 15:44:41,453 :DEBUG :mainfolder.utilities.BaseClass: Clicked on register Button
2024-12-10 15:44:42,420 :DEBUG :mainfolder.utilities.BaseClass: Gender Selected
2024-12-10 15:44:42,895 :DEBUG :mainfolder.utilities.BaseClass: Fname Entered
2024-12-10 15:44:43,132 :DEBUG :mainfolder.utilities.BaseClass: Lname Entered
2024-12-10 15:44:43,502 :DEBUG :mainfolder.utilities.BaseClass: Email Entered
2024-12-10 15:44:43,948 :DEBUG :mainfolder.utilities.BaseClass: Password Entered
2024-12-10 15:44:44,401 :DEBUG :mainfolder.utilities.BaseClass: Password re Entered
2024-12-10 15:44:44,803 :DEBUG :mainfolder.utilities.BaseClass: Register form submitted
2024-12-10 15:44:46,064 :DEBUG :mainfolder.utilities.BaseClass: Click on Login
2024-12-10 15:44:47,411 :DEBUG :mainfolder.utilities.BaseClass: username Entered
2024-12-10 15:44:47,823 :DEBUG :mainfolder.utilities.BaseClass: password Entered
2024-12-10 15:44:48,190 :DEBUG :mainfolder.utilities.BaseClass: Clicked on Login
2024-12-10 15:44:49,447 :DEBUG :mainfolder.utilities.BaseClass: Clicked on Computer tab
2024-12-10 15:44:50,738 :DEBUG :mainfolder.utilities.BaseClass: Notebook selected
2024-12-10 15:44:52,044 :DEBUG :mainfolder.utilities.BaseClass: Added to cart
2024-12-10 15:44:52,816 :DEBUG :mainfolder.utilities.BaseClass: Shopping cart opened
2024-12-10 15:44:58,204 :DEBUG :mainfolder.utilities.BaseClass: Termsofservice selected
2024-12-10 15:44:58,536 :DEBUG :mainfolder.utilities.BaseClass: Clicked on checkout
2024-12-10 15:45:00,268 :DEBUG :mainfolder.utilities.BaseClass: Fname entered
2024-12-10 15:45:00,553 :DEBUG :mainfolder.utilities.BaseClass: Lname entered
2024-12-10 15:45:00,789 :DEBUG :mainfolder.utilities.BaseClass: Email entered
2024-12-10 15:45:01,232 :DEBUG :mainfolder.utilities.BaseClass: Billing company entered
2024-12-10 15:45:01,511 :DEBUG :mainfolder.utilities.BaseClass: Billing Country entered
2024-12-10 15:45:01,785 :DEBUG :mainfolder.utilities.BaseClass: Billing City entered
2024-12-10 15:45:02,123 :DEBUG :mainfolder.utilities.BaseClass: Billing Add entered
2024-12-10 15:45:02,436 :DEBUG :mainfolder.utilities.BaseClass: Billing Zip entered
2024-12-10 15:45:02,653 :DEBUG :mainfolder.utilities.BaseClass: Billing Phone entered
2024-12-10 15:45:02,913 :DEBUG :mainfolder.utilities.BaseClass: continue2btn clicked
2024-12-10 15:45:33,066 :ERROR :mainfolder.utilities.BaseClass: Exception occurred: Message: element not interactable
  (Session info: chrome=131.0.6778.109)
Stacktrace:
	GetHandleVerifier [0x00007FF7A4326CB5+28821]
	(No symbol) [0x00007FF7A4293840]
	(No symbol) [0x00007FF7A41355B9]
	(No symbol) [0x00007FF7A418A674]
	(No symbol) [0x00007FF7A417CBA0]
	(No symbol) [0x00007FF7A41AF2FA]
	(No symbol) [0x00007FF7A417C3F6]
	(No symbol) [0x00007FF7A41AF510]
	(No symbol) [0x00007FF7A41CF412]
	(No symbol) [0x00007FF7A41AF0A3]
	(No symbol) [0x00007FF7A417A778]
	(No symbol) [0x00007FF7A417B8E1]
	GetHandleVerifier [0x00007FF7A465FCAD+3408013]
	GetHandleVerifier [0x00007FF7A467741F+3504127]
	GetHandleVerifier [0x00007FF7A466B5FD+3455453]
	GetHandleVerifier [0x00007FF7A43EBDBB+835995]
	(No symbol) [0x00007FF7A429EB5F]
	(No symbol) [0x00007FF7A429A814]
	(No symbol) [0x00007FF7A429A9AD]
	(No symbol) [0x00007FF7A428A199]
	BaseThreadInitThunk [0x00007FFA04837374+20]
	RtlUserThreadStart [0x00007FFA0583CC91+33]

