2024-12-11 14:37:22,636 :DEBUG :mainfolder.utilities.BaseClass: Browser launched
2024-12-11 14:37:22,637 :DEBUG :mainfolder.utilities.BaseClass: Website Launched
2024-12-11 14:37:22,638 :DEBUG :mainfolder.utilities.BaseClass: Clicked on register Button
2024-12-11 14:37:23,756 :DEBUG :mainfolder.utilities.BaseClass: Gender Selected
2024-12-11 14:37:24,489 :DEBUG :mainfolder.utilities.BaseClass: Fname Entered
2024-12-11 14:37:24,959 :DEBUG :mainfolder.utilities.BaseClass: Lname Entered
2024-12-11 14:37:25,364 :DEBUG :mainfolder.utilities.BaseClass: Email Entered
2024-12-11 14:37:26,742 :DEBUG :mainfolder.utilities.BaseClass: Password Entered
2024-12-11 14:37:27,418 :DEBUG :mainfolder.utilities.BaseClass: Password re Entered
2024-12-11 14:37:27,768 :DEBUG :mainfolder.utilities.BaseClass: Register form submitted
2024-12-11 14:37:28,884 :DEBUG :mainfolder.utilities.BaseClass: Click on Login
2024-12-11 14:37:30,298 :DEBUG :mainfolder.utilities.BaseClass: username Entered
2024-12-11 14:37:30,761 :DEBUG :mainfolder.utilities.BaseClass: password Entered
2024-12-11 14:37:31,317 :DEBUG :mainfolder.utilities.BaseClass: Clicked on Login
2024-12-11 14:37:33,032 :DEBUG :mainfolder.utilities.BaseClass: Clicked on Computer tab
2024-12-11 14:37:34,461 :DEBUG :mainfolder.utilities.BaseClass: Notebook selected
2024-12-11 14:37:35,974 :DEBUG :mainfolder.utilities.BaseClass: Added to cart
2024-12-11 14:37:36,521 :DEBUG :mainfolder.utilities.BaseClass: Shopping cart opened
2024-12-11 14:37:42,003 :DEBUG :mainfolder.utilities.BaseClass: Termsofservice selected
2024-12-11 14:37:42,994 :DEBUG :mainfolder.utilities.BaseClass: Clicked on checkout
2024-12-11 14:37:46,412 :DEBUG :mainfolder.utilities.BaseClass: Fname entered
2024-12-11 14:37:50,395 :DEBUG :mainfolder.utilities.BaseClass: Lname entered
2024-12-11 14:37:50,806 :DEBUG :mainfolder.utilities.BaseClass: Email entered
2024-12-11 14:37:51,543 :DEBUG :mainfolder.utilities.BaseClass: Billing company entered
2024-12-11 14:37:51,978 :DEBUG :mainfolder.utilities.BaseClass: Billing Country entered
2024-12-11 14:37:52,345 :DEBUG :mainfolder.utilities.BaseClass: Billing City entered
2024-12-11 14:37:52,896 :DEBUG :mainfolder.utilities.BaseClass: Billing Add entered
2024-12-11 14:37:53,576 :DEBUG :mainfolder.utilities.BaseClass: Billing Zip entered
2024-12-11 14:37:53,981 :DEBUG :mainfolder.utilities.BaseClass: Billing Phone entered
2024-12-11 14:37:54,359 :DEBUG :mainfolder.utilities.BaseClass: continue2btn clicked
2024-12-11 14:37:54,812 :DEBUG :mainfolder.utilities.BaseClass: continue3btn clicked
2024-12-11 14:37:56,571 :DEBUG :mainfolder.utilities.BaseClass: continue4btn clicked
2024-12-11 14:37:57,337 :DEBUG :mainfolder.utilities.BaseClass: continue5btn clicked
2024-12-11 14:37:57,893 :DEBUG :mainfolder.utilities.BaseClass: continue6btn clicked
2024-12-11 14:37:58,787 :DEBUG :mainfolder.utilities.BaseClass: Confirm clicked
2024-12-11 14:38:02,579 :DEBUG :mainfolder.utilities.BaseClass: Order Placed
